#
# A fatal error has been detected by the Java Runtime Environment:
#
#  EXCEPTION_ACCESS_VIOLATION (0xc0000005) at pc=0x0000000068f58b35, pid=6116, tid=11680
#
# JRE version: Java(TM) SE Runtime Environment (8.0_66-b18) (build 1.8.0_66-b18)
# Java VM: Java HotSpot(TM) 64-Bit Server VM (25.66-b18 mixed mode windows-amd64 compressed oops)
# Problematic frame:
# V  [jvm.dll+0x128b35]
#
# Failed to write core dump. Minidumps are not enabled by default on client versions of Windows
#
# If you would like to submit a bug report, please visit:
#   http://bugreport.java.com/bugreport/crash.jsp
#

---------------  T H R E A D  ---------------

Current thread (0x000000001a966000):  JavaThread "JDWP Transport Listener: dt_socket" daemon [_thread_in_vm, id=11680, stack(0x000000001bfc0000,0x000000001c0c0000)]

siginfo: ExceptionCode=0xc0000005, reading address 0x0000004b003b5454

Registers:
RAX=0x000000001c0bf401, RBX=0x000000001a966000, RCX=0x0000004b003b5454, RDX=0x0000000000000000
RSP=0x000000001c0bf3e0, RBP=0x0000004b003b5454, RSI=0x000000001c0bf4f8, RDI=0x0000000003678d30
R8 =0x000000001a966000, R9 =0x0000000000008000, R10=0x000000001a973a80, R11=0x000000001c7e7466
R12=0x0000000000000000, R13=0x000000001a974278, R14=0x0000000000000000, R15=0x0000000000000000
RIP=0x0000000068f58b35, EFLAGS=0x0000000000010202

Top of Stack: (sp=0x000000001c0bf3e0)
0x000000001c0bf3e0:   000000001a966000 000000001c74d0f0
0x000000001c0bf3f0:   000000001c0bf4a8 000000006915e2eb
0x000000001c0bf400:   000000001a966000 000000006917ab4d
0x000000001c0bf410:   0000000000000000 0000000068d89155
0x000000001c0bf420:   000000001a989dc8 0000000068d9291e
0x000000001c0bf430:   000000001a966000 0000000000000000
0x000000001c0bf440:   0000000000000000 0000000000000000
0x000000001c0bf450:   0000004b003b5454 0000000068d91a15
0x000000001c0bf460:   000000001c0bf4f8 000000001c0bf4d0
0x000000001c0bf470:   0000000000000001 000000001a989dc8
0x000000001c0bf480:   0000004b003b5454 0000000068d753b3
0x000000001c0bf490:   000000001c0bf5c0 0000000000000001
0x000000001c0bf4a0:   0000000000000001 000000001a989dc8
0x000000001c0bf4b0:   0000000000000008 0000000000000000
0x000000001c0bf4c0:   0000000000000000 0000000000000000
0x000000001c0bf4d0:   0000000000000001 0000000068d75571 

Instructions: (pc=0x0000000068f58b35)
0x0000000068f58b15:   cc cc cc cc cc cc cc cc cc cc cc 48 83 ec 28 48
0x0000000068f58b25:   85 c9 75 07 33 c0 48 83 c4 28 c3 48 89 5c 24 20
0x0000000068f58b35:   48 8b 19 48 85 db 74 20 48 83 fb 37 74 1a 48 8b
0x0000000068f58b45:   13 48 8b cb ff 52 10 84 c0 74 0d 48 8b c3 48 8b 


Register to memory mapping:

RAX=0x000000001c0bf401 is pointing into the stack for thread: 0x000000001a966000
RBX=0x000000001a966000 is a thread
RCX=0x0000004b003b5454 is an unknown value
RDX=0x0000000000000000 is an unknown value
RSP=0x000000001c0bf3e0 is pointing into the stack for thread: 0x000000001a966000
RBP=0x0000004b003b5454 is an unknown value
RSI=0x000000001c0bf4f8 is pointing into the stack for thread: 0x000000001a966000
RDI=0x0000000003678d30 is an unknown value
R8 =0x000000001a966000 is a thread
R9 =0x0000000000008000 is an unknown value
R10=0x000000001a973a80 is an unknown value
R11=0x000000001c7e7466 is an unknown value
R12=0x0000000000000000 is an unknown value
R13=0x000000001a974278 is an unknown value
R14=0x0000000000000000 is an unknown value
R15=0x0000000000000000 is an unknown value


Stack: [0x000000001bfc0000,0x000000001c0c0000],  sp=0x000000001c0bf3e0,  free space=1020k
Native frames: (J=compiled Java code, j=interpreted, Vv=VM code, C=native code)
V  [jvm.dll+0x128b35]
V  [jvm.dll+0x34ab4d]
C  [jdwp.dll+0x21a15]
C  [jdwp.dll+0x53b3]
C  [jdwp.dll+0x5571]
C  [jdwp.dll+0xf0a8]
C  [jdwp.dll+0x1f2d5]
C  [jdwp.dll+0x1f4aa]
V  [jvm.dll+0x1bba28]
V  [jvm.dll+0x243274]
V  [jvm.dll+0x29a0fa]
C  [msvcr100.dll+0x21d9f]
C  [msvcr100.dll+0x21e3b]
C  [KERNEL32.DLL+0x12774]
C  [ntdll.dll+0x70d51]


---------------  P R O C E S S  ---------------

Java Threads: ( => current thread )
  0x000000001c62e000 JavaThread "Service Thread" daemon [_thread_blocked, id=11524, stack(0x000000001c9c0000,0x000000001cac0000)]
  0x000000001a990000 JavaThread "C1 CompilerThread2" daemon [_thread_blocked, id=3196, stack(0x000000001c4c0000,0x000000001c5c0000)]
  0x000000001a98e000 JavaThread "C2 CompilerThread1" daemon [_thread_blocked, id=1212, stack(0x000000001c3c0000,0x000000001c4c0000)]
  0x000000001a994800 JavaThread "C2 CompilerThread0" daemon [_thread_blocked, id=10884, stack(0x000000001c2c0000,0x000000001c3c0000)]
  0x000000001a97a000 JavaThread "JDWP Command Reader" daemon [_thread_in_native, id=12996, stack(0x000000001c1c0000,0x000000001c2c0000)]
  0x000000001a976800 JavaThread "JDWP Event Helper Thread" daemon [_thread_blocked, id=11344, stack(0x000000001c0c0000,0x000000001c1c0000)]
=>0x000000001a966000 JavaThread "JDWP Transport Listener: dt_socket" daemon [_thread_in_vm, id=11680, stack(0x000000001bfc0000,0x000000001c0c0000)]
  0x000000001a960800 JavaThread "Attach Listener" daemon [_thread_blocked, id=14280, stack(0x000000001bec0000,0x000000001bfc0000)]
  0x000000001a95f800 JavaThread "Signal Dispatcher" daemon [_thread_blocked, id=4268, stack(0x000000001bdc0000,0x000000001bec0000)]
  0x00000000038d9000 JavaThread "Finalizer" daemon [_thread_blocked, id=4260, stack(0x000000001bbd0000,0x000000001bcd0000)]
  0x00000000038d0000 JavaThread "Reference Handler" daemon [_thread_blocked, id=10916, stack(0x000000001bad0000,0x000000001bbd0000)]
  0x00000000037e2800 JavaThread "main" [_thread_in_native, id=1328, stack(0x00000000036e0000,0x00000000037e0000)]

Other Threads:
  0x000000001a929000 VMThread [stack: 0x000000001b9d0000,0x000000001bad0000] [id=208]
  0x000000001c636000 WatcherThread [stack: 0x000000001cac0000,0x000000001cbc0000] [id=6420]

VM state:not at safepoint (normal execution)

VM Mutex/Monitor currently owned by a thread: None

Heap:
 PSYoungGen      total 57344K, used 7864K [0x0000000780980000, 0x0000000784980000, 0x00000007c0000000)
  eden space 49152K, 16% used [0x0000000780980000,0x000000078112e298,0x0000000783980000)
  from space 8192K, 0% used [0x0000000784180000,0x0000000784180000,0x0000000784980000)
  to   space 8192K, 0% used [0x0000000783980000,0x0000000783980000,0x0000000784180000)
 ParOldGen       total 131072K, used 0K [0x0000000701c00000, 0x0000000709c00000, 0x0000000780980000)
  object space 131072K, 0% used [0x0000000701c00000,0x0000000701c00000,0x0000000709c00000)
 Metaspace       used 3790K, capacity 5016K, committed 5120K, reserved 1056768K
  class space    used 394K, capacity 456K, committed 512K, reserved 1048576K

Card table byte_map: [0x0000000012ca0000,0x00000000132a0000] byte_map_base: 0x000000000f492000

Marking Bits: (ParMarkBitMap*) 0x000000006963a5b0
 Begin Bits: [0x0000000013aa0000, 0x0000000016a30000)
 End Bits:   [0x0000000016a30000, 0x00000000199c0000)

Polling page: 0x00000000035d0000

CodeCache: size=245760Kb used=1462Kb max_used=1462Kb free=244297Kb
 bounds [0x00000000038e0000, 0x0000000003b50000, 0x00000000128e0000]
 total_blobs=400 nmethods=171 adapters=150
 compilation: enabled

Compilation events (10 events):
Event: 0.290 Thread 0x000000001a994800 nmethod 166 0x0000000003a47f10 code [0x0000000003a48060, 0x0000000003a48218]
Event: 0.295 Thread 0x000000001a990000 nmethod 168 0x0000000003a48310 code [0x0000000003a48860, 0x0000000003a4d5d8]
Event: 0.295 Thread 0x000000001a990000  167       3       java.net.URL::<init> (8 bytes)
Event: 0.295 Thread 0x000000001a990000 nmethod 167 0x0000000003a47b50 code [0x0000000003a47cc0, 0x0000000003a47e68]
Event: 0.295 Thread 0x000000001a990000  169       3       java.net.URLStreamHandler::setURL (40 bytes)
Event: 0.295 Thread 0x000000001a990000 nmethod 169 0x0000000003a473d0 code [0x0000000003a47560, 0x0000000003a47958]
Event: 0.297 Thread 0x000000001a990000  170  s    3       java.lang.StringBuffer::append (13 bytes)
Event: 0.297 Thread 0x000000001a990000 nmethod 170 0x0000000003a46e50 code [0x0000000003a46fc0, 0x0000000003a472e8]
Event: 0.300 Thread 0x000000001a990000  171       3       java.io.File::isInvalid (47 bytes)
Event: 0.300 Thread 0x000000001a990000 nmethod 171 0x0000000003a46790 code [0x0000000003a46920, 0x0000000003a46d68]

GC Heap History (0 events):
No events

Deoptimization events (0 events):
No events

Internal exceptions (2 events):
Event: 0.056 Thread 0x00000000037e2800 Exception <a 'java/lang/NoSuchMethodError': Method sun.misc.Unsafe.defineClass(Ljava/lang/String;[BII)Ljava/lang/Class; name or signature does not match> (0x0000000780993020) thrown at [C:\re\workspace\8-2-build-windows-amd64-cygwin\jdk8u66\5298\hotspot\sr0rQс¬?
Event: 0.057 Thread 0x00000000037e2800 Exception <a 'java/lang/NoSuchMethodError': Method sun.misc.Unsafe.prefetchRead(Ljava/lang/Object;J)V name or signature does not match> (0x0000000780993308) thrown at [C:\re\workspace\8-2-build-windows-amd64-cygwin\jdk8u66\5298\hotspot\src\share\vm\prims\j

Events (10 events):
Event: 966.888 Executing VM operation: ChangeBreakpoints
Event: 966.888 Executing VM operation: ChangeBreakpoints done
Event: 981.597 Executing VM operation: ChangeBreakpoints
Event: 981.597 Executing VM operation: ChangeBreakpoints done
Event: 981.597 Executing VM operation: ChangeBreakpoints
Event: 981.597 Executing VM operation: ChangeBreakpoints done
Event: 981.599 Executing VM operation: ChangeBreakpoints
Event: 981.599 Executing VM operation: ChangeBreakpoints done
Event: 981.604 Executing VM operation: RedefineClasses
Event: 981.605 Executing VM operation: RedefineClasses done


Dynamic libraries:
0x00007ff76fb70000 - 0x00007ff76fba7000 	C:\Program Files\Java\jdk1.8.0_66\bin\java.exe
0x00007ffd7a980000 - 0x00007ffd7ab5b000 	C:\WINDOWS\SYSTEM32\ntdll.dll
0x00007ffd79f30000 - 0x00007ffd79fde000 	C:\WINDOWS\System32\KERNEL32.DLL
0x00007ffd77920000 - 0x00007ffd77b69000 	C:\WINDOWS\System32\KERNELBASE.dll
0x00007ffd781c0000 - 0x00007ffd78261000 	C:\WINDOWS\System32\ADVAPI32.dll
0x00007ffd78120000 - 0x00007ffd781bd000 	C:\WINDOWS\System32\msvcrt.dll
0x00007ffd78030000 - 0x00007ffd78089000 	C:\WINDOWS\System32\sechost.dll
0x00007ffd7a7d0000 - 0x00007ffd7a8f5000 	C:\WINDOWS\System32\RPCRT4.dll
0x00007ffd77ee0000 - 0x00007ffd7802a000 	C:\WINDOWS\System32\USER32.dll
0x00007ffd77070000 - 0x00007ffd7708e000 	C:\WINDOWS\System32\win32u.dll
0x00007ffd780f0000 - 0x00007ffd78117000 	C:\WINDOWS\System32\GDI32.dll
0x00007ffd77790000 - 0x00007ffd77918000 	C:\WINDOWS\System32\gdi32full.dll
0x00007ffd77b70000 - 0x00007ffd77c0a000 	C:\WINDOWS\System32\msvcp_win.dll
0x00007ffd77de0000 - 0x00007ffd77ed6000 	C:\WINDOWS\System32\ucrtbase.dll
0x00007ffd68b50000 - 0x00007ffd68db7000 	C:\WINDOWS\WinSxS\amd64_microsoft.windows.common-controls_6595b64144ccf1df_6.0.15063.483_none_26002d27e7c744a2\COMCTL32.dll
0x00007ffd78740000 - 0x00007ffd78a39000 	C:\WINDOWS\System32\combase.dll
0x00007ffd76fa0000 - 0x00007ffd7700a000 	C:\WINDOWS\System32\bcryptPrimitives.dll
0x00007ffd78710000 - 0x00007ffd7873d000 	C:\WINDOWS\System32\IMM32.DLL
0x00007ffd75e80000 - 0x00007ffd75e9b000 	C:\PROGRA~2\KEYCRY~1\KEYCRY~4.DLL
0x00007ffd785f0000 - 0x00007ffd785f8000 	C:\WINDOWS\System32\PSAPI.DLL
0x00000000696c0000 - 0x0000000069792000 	C:\Program Files\Java\jdk1.8.0_66\jre\bin\msvcr100.dll
0x0000000068e30000 - 0x00000000696b9000 	C:\Program Files\Java\jdk1.8.0_66\jre\bin\server\jvm.dll
0x00007ffd65c00000 - 0x00007ffd65c09000 	C:\WINDOWS\SYSTEM32\WSOCK32.dll
0x00007ffd7a910000 - 0x00007ffd7a97c000 	C:\WINDOWS\System32\WS2_32.dll
0x00007ffd73d80000 - 0x00007ffd73da3000 	C:\WINDOWS\SYSTEM32\WINMM.dll
0x00007ffd68dc0000 - 0x00007ffd68dca000 	C:\WINDOWS\SYSTEM32\VERSION.dll
0x00007ffd73d20000 - 0x00007ffd73d4b000 	C:\WINDOWS\SYSTEM32\WINMMBASE.dll
0x00007ffd76ea0000 - 0x00007ffd76ee9000 	C:\WINDOWS\System32\cfgmgr32.dll
0x0000000068e20000 - 0x0000000068e2f000 	C:\Program Files\Java\jdk1.8.0_66\jre\bin\verify.dll
0x0000000068df0000 - 0x0000000068e19000 	C:\Program Files\Java\jdk1.8.0_66\jre\bin\java.dll
0x0000000068d70000 - 0x0000000068da5000 	C:\Program Files\Java\jdk1.8.0_66\jre\bin\jdwp.dll
0x0000000068d60000 - 0x0000000068d68000 	C:\Program Files\Java\jdk1.8.0_66\jre\bin\npt.dll
0x0000000068dd0000 - 0x0000000068de6000 	C:\Program Files\Java\jdk1.8.0_66\jre\bin\zip.dll
0x00007ffd78a40000 - 0x00007ffd79e76000 	C:\WINDOWS\System32\SHELL32.dll
0x00007ffd79e80000 - 0x00007ffd79f2a000 	C:\WINDOWS\System32\shcore.dll
0x00007ffd77090000 - 0x00007ffd77783000 	C:\WINDOWS\System32\windows.storage.dll
0x00007ffd78600000 - 0x00007ffd78651000 	C:\WINDOWS\System32\shlwapi.dll
0x00007ffd76e30000 - 0x00007ffd76e41000 	C:\WINDOWS\System32\kernel.appcore.dll
0x00007ffd76e50000 - 0x00007ffd76e9c000 	C:\WINDOWS\System32\powrprof.dll
0x00007ffd76df0000 - 0x00007ffd76e05000 	C:\WINDOWS\System32\profapi.dll
0x0000000068d50000 - 0x0000000068d59000 	C:\Program Files\Java\jdk1.8.0_66\jre\bin\dt_socket.dll
0x00007ffd76700000 - 0x00007ffd7675c000 	C:\WINDOWS\system32\mswsock.dll
0x00007ffd72b10000 - 0x00007ffd72cb9000 	C:\WINDOWS\SYSTEM32\dbghelp.dll

VM Arguments:
jvm_args: -agentlib:jdwp=transport=dt_socket,address=127.0.0.1:63174,suspend=y,server=n -Dfile.encoding=UTF-8 
java_command: com.company.Main
java_class_path (initial): C:\Program Files\Java\jdk1.8.0_66\jre\lib\charsets.jar;C:\Program Files\Java\jdk1.8.0_66\jre\lib\deploy.jar;C:\Program Files\Java\jdk1.8.0_66\jre\lib\ext\access-bridge-64.jar;C:\Program Files\Java\jdk1.8.0_66\jre\lib\ext\cldrdata.jar;C:\Program Files\Java\jdk1.8.0_66\jre\lib\ext\dnsns.jar;C:\Program Files\Java\jdk1.8.0_66\jre\lib\ext\jaccess.jar;C:\Program Files\Java\jdk1.8.0_66\jre\lib\ext\jfxrt.jar;C:\Program Files\Java\jdk1.8.0_66\jre\lib\ext\localedata.jar;C:\Program Files\Java\jdk1.8.0_66\jre\lib\ext\nashorn.jar;C:\Program Files\Java\jdk1.8.0_66\jre\lib\ext\sunec.jar;C:\Program Files\Java\jdk1.8.0_66\jre\lib\ext\sunjce_provider.jar;C:\Program Files\Java\jdk1.8.0_66\jre\lib\ext\sunmscapi.jar;C:\Program Files\Java\jdk1.8.0_66\jre\lib\ext\sunpkcs11.jar;C:\Program Files\Java\jdk1.8.0_66\jre\lib\ext\zipfs.jar;C:\Program Files\Java\jdk1.8.0_66\jre\lib\javaws.jar;C:\Program Files\Java\jdk1.8.0_66\jre\lib\jce.jar;C:\Program Files\Java\jdk1.8.0_66\jre\lib\jfr.jar;C:\Program Files\Java\jdk1.8.0_66\jre\lib\jfxswt.jar;C:\Program Files\Java\jdk1.8.0_66\jre\lib\jsse.jar;C:\Program Files\Java\jdk1.8.0_66\jre\lib\management-agent.jar;C:\Program Files\Java\jdk1.8.0_66\jre\lib\plugin.jar;C:\Program Files\Java\jdk1.8.0_66\jre\lib\resources.jar;C:\Program Files\Java\jdk1.8.0_66\jre\lib\rt.jar;G:\навчання\5 курс\Інженерія даних та знань\lab1\lab1\out\production\lab1;G:\навчання\5 курс\Інженерія даних та знань\lab1\lab1\src\libs\gson-2.8.2.jar;C:\Program Files (x86)\JetBrains\IntelliJ IDEA 2016.3.3\lib\idea_rt.jar
Launcher Type: SUN_STANDARD

Environment Variables:
PATH=C:\Program Files\Microsoft MPI\Bin\;C:\Program Files\NVIDIA GPU Computing Toolkit\CUDA\v8.0\bin;C:\Program Files\NVIDIA GPU Computing Toolkit\CUDA\v8.0\libnvvp;C:\ProgramData\Oracle\Java\javapath;C:\WINDOWS\system32;C:\WINDOWS;C:\WINDOWS\System32\Wbem;C:\WINDOWS\System32\WindowsPowerShell\v1.0\;C:\Program Files\Git\cmd;C:\Users\Andrii\.dnx\bin;C:\Program Files\Microsoft DNX\Dnvm\;C:\Program Files\Microsoft SQL Server\130\Tools\Binn\;C:\Program Files (x86)\NVIDIA Corporation\PhysX\Common;C:\Program Files (x86)\Windows Kits\8.1\Windows Performance Toolkit\;C:\Program Files (x86)\Skype\Phone\;C:\FPC\3.0.0\bin\i386-Win32;C:\Program Files\MySQL\MySQL Utilities 1.6\;%SystemRoot%\system32;%SystemRoot%;%SystemRoot%\System32\Wbem;%SYSTEMROOT%\System32\WindowsPowerShell\v1.0\;C:\Users\Andrii\AppData\Local\Microsoft\WindowsApps;
USERNAME=Andrii
OS=Windows_NT
PROCESSOR_IDENTIFIER=Intel64 Family 6 Model 69 Stepping 1, GenuineIntel



---------------  S Y S T E M  ---------------

OS: Windows 10.0 , 64 bit Build 15063 (10.0.15063.296)

CPU:total 4 (2 cores per cpu, 2 threads per core) family 6 model 69 stepping 1, cmov, cx8, fxsr, mmx, sse, sse2, sse3, ssse3, sse4.1, sse4.2, popcnt, avx, avx2, aes, clmul, erms, lzcnt, ht, tsc, tscinvbit, bmi1, bmi2

Memory: 4k page, physical 12463520k(6676612k free), swap 13249952k(4819472k free)

vm_info: Java HotSpot(TM) 64-Bit Server VM (25.66-b18) for windows-amd64 JRE (1.8.0_66-b18), built on Nov  9 2015 10:51:13 by "java_re" with MS VC++ 10.0 (VS2010)

time: Thu Oct 26 00:56:21 2017
elapsed time: 1075 seconds (0d 0h 17m 55s)

