#
# A fatal error has been detected by the Java Runtime Environment:
#
#  EXCEPTION_ACCESS_VIOLATION (0xc0000005) at pc=0x0000000068f58b35, pid=11916, tid=11432
#
# JRE version: Java(TM) SE Runtime Environment (8.0_66-b18) (build 1.8.0_66-b18)
# Java VM: Java HotSpot(TM) 64-Bit Server VM (25.66-b18 mixed mode windows-amd64 compressed oops)
# Problematic frame:
# V  [jvm.dll+0x128b35]
#
# Failed to write core dump. Minidumps are not enabled by default on client versions of Windows
#
# If you would like to submit a bug report, please visit:
#   http://bugreport.java.com/bugreport/crash.jsp
#

---------------  T H R E A D  ---------------

Current thread (0x0000000019bca000):  JavaThread "JDWP Transport Listener: dt_socket" daemon [_thread_in_vm, id=11432, stack(0x000000001b210000,0x000000001b310000)]

siginfo: ExceptionCode=0xc0000005, reading address 0x0000002900000000

Registers:
RAX=0x000000001b30f501, RBX=0x0000000019bca000, RCX=0x0000002900000000, RDX=0x0000000000000000
RSP=0x000000001b30f510, RBP=0x0000002900000000, RSI=0x000000001b30f628, RDI=0x0000000002b38d30
R8 =0x0000000019bca000, R9 =0x0000000000008000, R10=0x0000000019bd4390, R11=0x000000001b90ec06
R12=0x0000000000000000, R13=0x0000000019bcaae8, R14=0x0000000000000000, R15=0x0000000000000000
RIP=0x0000000068f58b35, EFLAGS=0x0000000000010206

Top of Stack: (sp=0x000000001b30f510)
0x000000001b30f510:   0000000019bca000 000000001ba46c50
0x000000001b30f520:   000000001b30f5d8 000000006915e2eb
0x000000001b30f530:   0000000019bca000 000000006917ab4d
0x000000001b30f540:   0000000000000000 0000000068d89155
0x000000001b30f550:   0000000019bec738 0000000068d9291e
0x000000001b30f560:   0000000019bca000 0000000000000000
0x000000001b30f570:   0000000000000000 0000000000000000
0x000000001b30f580:   0000002900000000 0000000068d91a15
0x000000001b30f590:   000000001b30f628 000000001b30f600
0x000000001b30f5a0:   0000000000000001 0000000019bec738
0x000000001b30f5b0:   0000002900000000 0000000068d753b3
0x000000001b30f5c0:   000000001b30f6f0 0000000000000001
0x000000001b30f5d0:   0000000000000001 0000000019bec738
0x000000001b30f5e0:   0000000000000008 0000000000000000
0x000000001b30f5f0:   0000000000000000 0000000000000000
0x000000001b30f600:   0000000000000001 0000000068d75571 

Instructions: (pc=0x0000000068f58b35)
0x0000000068f58b15:   cc cc cc cc cc cc cc cc cc cc cc 48 83 ec 28 48
0x0000000068f58b25:   85 c9 75 07 33 c0 48 83 c4 28 c3 48 89 5c 24 20
0x0000000068f58b35:   48 8b 19 48 85 db 74 20 48 83 fb 37 74 1a 48 8b
0x0000000068f58b45:   13 48 8b cb ff 52 10 84 c0 74 0d 48 8b c3 48 8b 


Register to memory mapping:

RAX=0x000000001b30f501 is pointing into the stack for thread: 0x0000000019bca000
RBX=0x0000000019bca000 is a thread
RCX=0x0000002900000000 is an unknown value
RDX=0x0000000000000000 is an unknown value
RSP=0x000000001b30f510 is pointing into the stack for thread: 0x0000000019bca000
RBP=0x0000002900000000 is an unknown value
RSI=0x000000001b30f628 is pointing into the stack for thread: 0x0000000019bca000
RDI=0x0000000002b38d30 is an unknown value
R8 =0x0000000019bca000 is a thread
R9 =0x0000000000008000 is an unknown value
R10=0x0000000019bd4390 is an unknown value
R11=0x000000001b90ec06 is an unknown value
R12=0x0000000000000000 is an unknown value
R13=0x0000000019bcaae8 is an unknown value
R14=0x0000000000000000 is an unknown value
R15=0x0000000000000000 is an unknown value


Stack: [0x000000001b210000,0x000000001b310000],  sp=0x000000001b30f510,  free space=1021k
Native frames: (J=compiled Java code, j=interpreted, Vv=VM code, C=native code)
V  [jvm.dll+0x128b35]
V  [jvm.dll+0x34ab4d]
C  [jdwp.dll+0x21a15]
C  [jdwp.dll+0x53b3]
C  [jdwp.dll+0x5571]
C  [jdwp.dll+0xf0a8]
C  [jdwp.dll+0x1f2d5]
C  [jdwp.dll+0x1f4aa]
V  [jvm.dll+0x1bba28]
V  [jvm.dll+0x243274]
V  [jvm.dll+0x29a0fa]
C  [msvcr100.dll+0x21d9f]
C  [msvcr100.dll+0x21e3b]
C  [KERNEL32.DLL+0x12774]
C  [ntdll.dll+0x70d51]


---------------  P R O C E S S  ---------------

Java Threads: ( => current thread )
  0x000000001b878800 JavaThread "Service Thread" daemon [_thread_blocked, id=16112, stack(0x000000001bc10000,0x000000001bd10000)]
  0x0000000019bf2000 JavaThread "C1 CompilerThread2" daemon [_thread_blocked, id=708, stack(0x000000001b710000,0x000000001b810000)]
  0x0000000019bf0000 JavaThread "C2 CompilerThread1" daemon [_thread_blocked, id=15556, stack(0x000000001b610000,0x000000001b710000)]
  0x0000000019bf6800 JavaThread "C2 CompilerThread0" daemon [_thread_blocked, id=9168, stack(0x000000001b510000,0x000000001b610000)]
  0x0000000019bda000 JavaThread "JDWP Command Reader" daemon [_thread_in_native, id=14680, stack(0x000000001b410000,0x000000001b510000)]
  0x0000000019bd7000 JavaThread "JDWP Event Helper Thread" daemon [_thread_blocked, id=11816, stack(0x000000001b310000,0x000000001b410000)]
=>0x0000000019bca000 JavaThread "JDWP Transport Listener: dt_socket" daemon [_thread_in_vm, id=11432, stack(0x000000001b210000,0x000000001b310000)]
  0x0000000019bc1800 JavaThread "Attach Listener" daemon [_thread_blocked, id=5424, stack(0x000000001b110000,0x000000001b210000)]
  0x0000000019bc0800 JavaThread "Signal Dispatcher" daemon [_thread_blocked, id=15168, stack(0x000000001b010000,0x000000001b110000)]
  0x0000000002afa800 JavaThread "Finalizer" daemon [_thread_blocked, id=10288, stack(0x000000001ae20000,0x000000001af20000)]
  0x0000000002af2000 JavaThread "Reference Handler" daemon [_thread_blocked, id=14872, stack(0x000000001ad20000,0x000000001ae20000)]
  0x0000000002a02800 JavaThread "main" [_thread_in_native, id=8484, stack(0x00000000028e0000,0x00000000029e0000)]

Other Threads:
  0x0000000019b88800 VMThread [stack: 0x000000001ac20000,0x000000001ad20000] [id=7888]
  0x000000001b881000 WatcherThread [stack: 0x000000001bd10000,0x000000001be10000] [id=11448]

VM state:not at safepoint (normal execution)

VM Mutex/Monitor currently owned by a thread: None

Heap:
 PSYoungGen      total 57344K, used 7864K [0x0000000780980000, 0x0000000784980000, 0x00000007c0000000)
  eden space 49152K, 16% used [0x0000000780980000,0x000000078112e2c0,0x0000000783980000)
  from space 8192K, 0% used [0x0000000784180000,0x0000000784180000,0x0000000784980000)
  to   space 8192K, 0% used [0x0000000783980000,0x0000000783980000,0x0000000784180000)
 ParOldGen       total 131072K, used 0K [0x0000000701c00000, 0x0000000709c00000, 0x0000000780980000)
  object space 131072K, 0% used [0x0000000701c00000,0x0000000701c00000,0x0000000709c00000)
 Metaspace       used 4378K, capacity 5066K, committed 5120K, reserved 1056768K
  class space    used 472K, capacity 498K, committed 512K, reserved 1048576K

Card table byte_map: [0x0000000011f00000,0x0000000012500000] byte_map_base: 0x000000000e6f2000

Marking Bits: (ParMarkBitMap*) 0x000000006963a5b0
 Begin Bits: [0x0000000012d00000, 0x0000000015c90000)
 End Bits:   [0x0000000015c90000, 0x0000000018c20000)

Polling page: 0x00000000021e0000

CodeCache: size=245760Kb used=1575Kb max_used=1575Kb free=244184Kb
 bounds [0x0000000002b40000, 0x0000000002db0000, 0x0000000011b40000]
 total_blobs=467 nmethods=229 adapters=159
 compilation: enabled

Compilation events (10 events):
Event: 61.780 Thread 0x0000000019bf2000  225       3       sun.util.locale.provider.LocaleProviderAdapter::getAdapter (171 bytes)
Event: 61.780 Thread 0x0000000019bf2000 nmethod 225 0x0000000002cc8190 code [0x0000000002cc8440, 0x0000000002cc9638]
Event: 61.780 Thread 0x0000000019bf2000  222       1       java.lang.Integer::intValue (5 bytes)
Event: 61.780 Thread 0x0000000019bf2000 nmethod 222 0x0000000002cc9d50 code [0x0000000002cc9ea0, 0x0000000002cc9fb0]
Event: 61.780 Thread 0x0000000019bf2000  226       1       java.util.Currency::getCurrencyCode (5 bytes)
Event: 61.781 Thread 0x0000000019bf2000 nmethod 226 0x0000000002cca010 code [0x0000000002cca160, 0x0000000002cca270]
Event: 61.781 Thread 0x0000000019bf2000  227       1       java.text.DecimalFormatSymbols::getZeroDigit (5 bytes)
Event: 61.781 Thread 0x0000000019bf2000 nmethod 227 0x0000000002cca2d0 code [0x0000000002cca420, 0x0000000002cca530]
Event: 61.781 Thread 0x0000000019bf2000  229       1       java.util.Formatter$FormatSpecifier::index (5 bytes)
Event: 61.781 Thread 0x0000000019bf2000 nmethod 229 0x0000000002cca590 code [0x0000000002cca6e0, 0x0000000002cca7f0]

GC Heap History (0 events):
No events

Deoptimization events (1 events):
Event: 43.866 Thread 0x0000000002a02800 Uncommon trap: reason=unstable_if action=reinterpret pc=0x0000000002c973bc method=java.lang.String.indexOf([CII[CIII)I @ 123

Internal exceptions (6 events):
Event: 0.056 Thread 0x0000000002a02800 Exception <a 'java/lang/NoSuchMethodError': Method sun.misc.Unsafe.defineClass(Ljava/lang/String;[BII)Ljava/lang/Class; name or signature does not match> (0x0000000780993090) thrown at [C:\re\workspace\8-2-build-windows-amd64-cygwin\jdk8u66\5298\hotspot\srGФб?цВ¬?
Event: 0.056 Thread 0x0000000002a02800 Exception <a 'java/lang/NoSuchMethodError': Method sun.misc.Unsafe.prefetchRead(Ljava/lang/Object;J)V name or signature does not match> (0x0000000780993378) thrown at [C:\re\workspace\8-2-build-windows-amd64-cygwin\jdk8u66\5298\hotspot\src\share\vm\prims\j`&oгЅпE@
Event: 43.873 Thread 0x0000000002a02800 Exception <a 'java/security/PrivilegedActionException'> (0x0000000781072aa0) thrown at [C:\re\workspace\8-2-build-windows-amd64-cygwin\jdk8u66\5298\hotspot\src\share\vm\prims\jvm.cpp, line 1386]
Event: 43.873 Thread 0x0000000002a02800 Exception <a 'java/security/PrivilegedActionException'> (0x0000000781072e98) thrown at [C:\re\workspace\8-2-build-windows-amd64-cygwin\jdk8u66\5298\hotspot\src\share\vm\prims\jvm.cpp, line 1386]
Event: 43.874 Thread 0x0000000002a02800 Exception <a 'java/security/PrivilegedActionException'> (0x00000007810770b0) thrown at [C:\re\workspace\8-2-build-windows-amd64-cygwin\jdk8u66\5298\hotspot\src\share\vm\prims\jvm.cpp, line 1386]
Event: 43.874 Thread 0x0000000002a02800 Exception <a 'java/security/PrivilegedActionException'> (0x00000007810774a8) thrown at [C:\re\workspace\8-2-build-windows-amd64-cygwin\jdk8u66\5298\hotspot\src\share\vm\prims\jvm.cpp, line 1386]

Events (10 events):
Event: 817.948 Executing VM operation: ChangeBreakpoints
Event: 817.948 Executing VM operation: ChangeBreakpoints done
Event: 832.768 Executing VM operation: ChangeBreakpoints
Event: 832.768 Executing VM operation: ChangeBreakpoints done
Event: 832.770 Executing VM operation: ChangeBreakpoints
Event: 832.770 Executing VM operation: ChangeBreakpoints done
Event: 832.772 Executing VM operation: ChangeBreakpoints
Event: 832.772 Executing VM operation: ChangeBreakpoints done
Event: 832.775 Executing VM operation: RedefineClasses
Event: 832.777 Executing VM operation: RedefineClasses done


Dynamic libraries:
0x00007ff76fb70000 - 0x00007ff76fba7000 	C:\Program Files\Java\jdk1.8.0_66\bin\java.exe
0x00007ffd7a980000 - 0x00007ffd7ab5b000 	C:\WINDOWS\SYSTEM32\ntdll.dll
0x00007ffd79f30000 - 0x00007ffd79fde000 	C:\WINDOWS\System32\KERNEL32.DLL
0x00007ffd77920000 - 0x00007ffd77b69000 	C:\WINDOWS\System32\KERNELBASE.dll
0x00007ffd781c0000 - 0x00007ffd78261000 	C:\WINDOWS\System32\ADVAPI32.dll
0x00007ffd78120000 - 0x00007ffd781bd000 	C:\WINDOWS\System32\msvcrt.dll
0x00007ffd78030000 - 0x00007ffd78089000 	C:\WINDOWS\System32\sechost.dll
0x00007ffd7a7d0000 - 0x00007ffd7a8f5000 	C:\WINDOWS\System32\RPCRT4.dll
0x00007ffd77ee0000 - 0x00007ffd7802a000 	C:\WINDOWS\System32\USER32.dll
0x00007ffd77070000 - 0x00007ffd7708e000 	C:\WINDOWS\System32\win32u.dll
0x00007ffd780f0000 - 0x00007ffd78117000 	C:\WINDOWS\System32\GDI32.dll
0x00007ffd77790000 - 0x00007ffd77918000 	C:\WINDOWS\System32\gdi32full.dll
0x00007ffd77b70000 - 0x00007ffd77c0a000 	C:\WINDOWS\System32\msvcp_win.dll
0x00007ffd77de0000 - 0x00007ffd77ed6000 	C:\WINDOWS\System32\ucrtbase.dll
0x00007ffd68b50000 - 0x00007ffd68db7000 	C:\WINDOWS\WinSxS\amd64_microsoft.windows.common-controls_6595b64144ccf1df_6.0.15063.483_none_26002d27e7c744a2\COMCTL32.dll
0x00007ffd78740000 - 0x00007ffd78a39000 	C:\WINDOWS\System32\combase.dll
0x00007ffd76fa0000 - 0x00007ffd7700a000 	C:\WINDOWS\System32\bcryptPrimitives.dll
0x00007ffd78710000 - 0x00007ffd7873d000 	C:\WINDOWS\System32\IMM32.DLL
0x00007ffd75e80000 - 0x00007ffd75e9b000 	C:\PROGRA~2\KEYCRY~1\KEYCRY~4.DLL
0x00007ffd785f0000 - 0x00007ffd785f8000 	C:\WINDOWS\System32\PSAPI.DLL
0x00000000696c0000 - 0x0000000069792000 	C:\Program Files\Java\jdk1.8.0_66\jre\bin\msvcr100.dll
0x0000000068e30000 - 0x00000000696b9000 	C:\Program Files\Java\jdk1.8.0_66\jre\bin\server\jvm.dll
0x00007ffd73d80000 - 0x00007ffd73da3000 	C:\WINDOWS\SYSTEM32\WINMM.dll
0x00007ffd65c00000 - 0x00007ffd65c09000 	C:\WINDOWS\SYSTEM32\WSOCK32.dll
0x00007ffd7a910000 - 0x00007ffd7a97c000 	C:\WINDOWS\System32\WS2_32.dll
0x00007ffd73d20000 - 0x00007ffd73d4b000 	C:\WINDOWS\SYSTEM32\WINMMBASE.dll
0x00007ffd76ea0000 - 0x00007ffd76ee9000 	C:\WINDOWS\System32\cfgmgr32.dll
0x00007ffd68dc0000 - 0x00007ffd68dca000 	C:\WINDOWS\SYSTEM32\VERSION.dll
0x0000000068e20000 - 0x0000000068e2f000 	C:\Program Files\Java\jdk1.8.0_66\jre\bin\verify.dll
0x0000000068df0000 - 0x0000000068e19000 	C:\Program Files\Java\jdk1.8.0_66\jre\bin\java.dll
0x0000000068d70000 - 0x0000000068da5000 	C:\Program Files\Java\jdk1.8.0_66\jre\bin\jdwp.dll
0x0000000068d60000 - 0x0000000068d68000 	C:\Program Files\Java\jdk1.8.0_66\jre\bin\npt.dll
0x0000000068dd0000 - 0x0000000068de6000 	C:\Program Files\Java\jdk1.8.0_66\jre\bin\zip.dll
0x00007ffd78a40000 - 0x00007ffd79e76000 	C:\WINDOWS\System32\SHELL32.dll
0x00007ffd79e80000 - 0x00007ffd79f2a000 	C:\WINDOWS\System32\shcore.dll
0x00007ffd77090000 - 0x00007ffd77783000 	C:\WINDOWS\System32\windows.storage.dll
0x00007ffd78600000 - 0x00007ffd78651000 	C:\WINDOWS\System32\shlwapi.dll
0x00007ffd76e30000 - 0x00007ffd76e41000 	C:\WINDOWS\System32\kernel.appcore.dll
0x00007ffd76e50000 - 0x00007ffd76e9c000 	C:\WINDOWS\System32\powrprof.dll
0x00007ffd76df0000 - 0x00007ffd76e05000 	C:\WINDOWS\System32\profapi.dll
0x0000000068d50000 - 0x0000000068d59000 	C:\Program Files\Java\jdk1.8.0_66\jre\bin\dt_socket.dll
0x00007ffd76700000 - 0x00007ffd7675c000 	C:\WINDOWS\system32\mswsock.dll
0x00007ffd72b10000 - 0x00007ffd72cb9000 	C:\WINDOWS\SYSTEM32\dbghelp.dll

VM Arguments:
jvm_args: -agentlib:jdwp=transport=dt_socket,address=127.0.0.1:59139,suspend=y,server=n -Dfile.encoding=UTF-8 
java_command: com.company.Main
java_class_path (initial): C:\Program Files\Java\jdk1.8.0_66\jre\lib\charsets.jar;C:\Program Files\Java\jdk1.8.0_66\jre\lib\deploy.jar;C:\Program Files\Java\jdk1.8.0_66\jre\lib\ext\access-bridge-64.jar;C:\Program Files\Java\jdk1.8.0_66\jre\lib\ext\cldrdata.jar;C:\Program Files\Java\jdk1.8.0_66\jre\lib\ext\dnsns.jar;C:\Program Files\Java\jdk1.8.0_66\jre\lib\ext\jaccess.jar;C:\Program Files\Java\jdk1.8.0_66\jre\lib\ext\jfxrt.jar;C:\Program Files\Java\jdk1.8.0_66\jre\lib\ext\localedata.jar;C:\Program Files\Java\jdk1.8.0_66\jre\lib\ext\nashorn.jar;C:\Program Files\Java\jdk1.8.0_66\jre\lib\ext\sunec.jar;C:\Program Files\Java\jdk1.8.0_66\jre\lib\ext\sunjce_provider.jar;C:\Program Files\Java\jdk1.8.0_66\jre\lib\ext\sunmscapi.jar;C:\Program Files\Java\jdk1.8.0_66\jre\lib\ext\sunpkcs11.jar;C:\Program Files\Java\jdk1.8.0_66\jre\lib\ext\zipfs.jar;C:\Program Files\Java\jdk1.8.0_66\jre\lib\javaws.jar;C:\Program Files\Java\jdk1.8.0_66\jre\lib\jce.jar;C:\Program Files\Java\jdk1.8.0_66\jre\lib\jfr.jar;C:\Program Files\Java\jdk1.8.0_66\jre\lib\jfxswt.jar;C:\Program Files\Java\jdk1.8.0_66\jre\lib\jsse.jar;C:\Program Files\Java\jdk1.8.0_66\jre\lib\management-agent.jar;C:\Program Files\Java\jdk1.8.0_66\jre\lib\plugin.jar;C:\Program Files\Java\jdk1.8.0_66\jre\lib\resources.jar;C:\Program Files\Java\jdk1.8.0_66\jre\lib\rt.jar;G:\навчання\5 курс\Інженерія даних та знань\lab1\lab1\out\production\lab1;G:\навчання\5 курс\Інженерія даних та знань\lab1\lab1\src\libs\gson-2.8.2.jar;C:\Program Files (x86)\JetBrains\IntelliJ IDEA 2016.3.3\lib\idea_rt.jar
Launcher Type: SUN_STANDARD

Environment Variables:
PATH=C:\Program Files\Microsoft MPI\Bin\;C:\Program Files\NVIDIA GPU Computing Toolkit\CUDA\v8.0\bin;C:\Program Files\NVIDIA GPU Computing Toolkit\CUDA\v8.0\libnvvp;C:\ProgramData\Oracle\Java\javapath;C:\WINDOWS\system32;C:\WINDOWS;C:\WINDOWS\System32\Wbem;C:\WINDOWS\System32\WindowsPowerShell\v1.0\;C:\Program Files\Git\cmd;C:\Users\Andrii\.dnx\bin;C:\Program Files\Microsoft DNX\Dnvm\;C:\Program Files\Microsoft SQL Server\130\Tools\Binn\;C:\Program Files (x86)\NVIDIA Corporation\PhysX\Common;C:\Program Files (x86)\Windows Kits\8.1\Windows Performance Toolkit\;C:\Program Files (x86)\Skype\Phone\;C:\FPC\3.0.0\bin\i386-Win32;C:\Program Files\MySQL\MySQL Utilities 1.6\;%SystemRoot%\system32;%SystemRoot%;%SystemRoot%\System32\Wbem;%SYSTEMROOT%\System32\WindowsPowerShell\v1.0\;C:\Users\Andrii\AppData\Local\Microsoft\WindowsApps;
USERNAME=Andrii
OS=Windows_NT
PROCESSOR_IDENTIFIER=Intel64 Family 6 Model 69 Stepping 1, GenuineIntel



---------------  S Y S T E M  ---------------

OS: Windows 10.0 , 64 bit Build 15063 (10.0.15063.296)

CPU:total 4 (2 cores per cpu, 2 threads per core) family 6 model 69 stepping 1, cmov, cx8, fxsr, mmx, sse, sse2, sse3, ssse3, sse4.1, sse4.2, popcnt, avx, avx2, aes, clmul, erms, lzcnt, ht, tsc, tscinvbit, bmi1, bmi2

Memory: 4k page, physical 12463520k(6648192k free), swap 13249952k(4413300k free)

vm_info: Java HotSpot(TM) 64-Bit Server VM (25.66-b18) for windows-amd64 JRE (1.8.0_66-b18), built on Nov  9 2015 10:51:13 by "java_re" with MS VC++ 10.0 (VS2010)

time: Thu Oct 26 00:54:47 2017
elapsed time: 832 seconds (0d 0h 13m 52s)

